{"C:\\Users\\Camilo Sarmiento\\Music\\DIPLO PROYECTO\\Modulo 4\\ci-cd-labs\\math.js": {"path":"C:\\Users\\Camilo Sarmiento\\Music\\DIPLO PROYECTO\\Modulo 4\\ci-cd-labs\\math.js","statementMap":{"0":{"start":{"line":2,"column":2},"end":{"line":2,"column":15}},"1":{"start":{"line":5,"column":0},"end":{"line":5,"column":27}}},"fnMap":{"0":{"name":"sumar","decl":{"start":{"line":1,"column":9},"end":{"line":1,"column":14}},"loc":{"start":{"line":1,"column":21},"end":{"line":3,"column":1}},"line":1}},"branchMap":{},"s":{"0":1,"1":1},"f":{"0":1},"b":{},"_coverageSchema":"1a1c01bbd47fc00a2c39e90264f33305004495a9","hash":"26ecbc9b5cff8947089aafb9239fa866ce81799e"}
}
